Arguments: 
  /Users/taddeng/develop/nvm/versions/node/v8.9.4/bin/node /Users/taddeng/develop/nvm/versions/node/v8.9.4/bin/yarn test-plugin

PATH: 
  /Users/taddeng/develop/nvm/versions/node/v8.9.4/bin:/Library/Frameworks/Python.framework/Versions/3.5/bin:/usr/local/bin:/usr/bin:/bin:/usr/sbin:/sbin:/usr/local/mysql-8.0.11-macos10.13-x86_64/bin

Yarn version: 
  1.5.1

Node version: 
  8.9.4

Platform: 
  darwin x64

npm manifest: 
  {
    "name": "wechatapp-plugin",
    "version": "1.1.2",
    "description": "",
    "main": "index.js",
    "directories": {
      "test": "test"
    },
    "scripts": {
      "test": "cd test && webpack --display-modules",
      "test-plugin": "cd test-plugin && webpack --display-modules"
    },
    "author": "CatalystDP",
    "license": "MIT",
    "peerDependencies": {
      "webpack": "<=3.12.0"
    },
    "dependencies": {
      "acorn": "^5.5.3",
      "chalk": "^2.4.1",
      "co": "^4.6.0",
      "css-loader": "^0.28.11",
      "es6-promise": "^4.2.4",
      "file-loader": "^1.1.11",
      "fs-extra": "^6.0.1",
      "glob": "^7.1.2",
      "less": "^3.0.4",
      "less-loader": "^4.1.0",
      "lodash": "^4.17.10",
      "unixify": "^1.0.0",
      "webpack-bundle-analyzer": "^2.13.1",
      "webpack-sources": "^1.1.0"
    },
    "types":"./index.d.ts",
    "devDependencies": {}
  }

yarn manifest: 
  No manifest

Lockfile: 
  No lockfile

Trace: 
  Error: Command failed.
  Exit code: 1
  Command: sh
  Arguments: -c cd test-plugin && webpack --display-modules
  Directory: /Users/taddeng/git_proj/wechatapp-plugin
  Output:
  
      at ProcessTermError.MessageError (/Users/taddeng/develop/nvm/versions/node/v8.9.4/lib/node_modules/yarn/lib/cli.js:186:110)
      at new ProcessTermError (/Users/taddeng/develop/nvm/versions/node/v8.9.4/lib/node_modules/yarn/lib/cli.js:226:113)
      at ChildProcess.<anonymous> (/Users/taddeng/develop/nvm/versions/node/v8.9.4/lib/node_modules/yarn/lib/cli.js:30281:17)
      at emitTwo (events.js:126:13)
      at ChildProcess.emit (events.js:214:7)
      at maybeClose (internal/child_process.js:925:16)
      at Process.ChildProcess._handle.onexit (internal/child_process.js:209:5)
